build/app/intermediates/manifest_merge_blame_file/release/manifest-merger-blame-release-report.txt
1<?xml version="1.0" encoding="utf-8"?>
2<manifest xmlns:android="http://schemas.android.com/apk/res/android"
3    package="com.panaceasoft.lehwalk"
4    android:versionCode="3"
5    android:versionName="1.2.0" >
6
7    <uses-sdk
8        android:minSdkVersion="21"
8-->src\main\AndroidManifest.xml
9        android:targetSdkVersion="29" />
9-->src\main\AndroidManifest.xml
10    <!--
11         io.flutter.app.FlutterApplication is an android.app.Application that
12         calls FlutterMain.startInitialization(this); in its onCreate method.
13         In most cases you can leave this as-is, but you if you want to provide
14         additional functionality it is fine to subclass or reimplement
15         FlutterApplication and put your custom class here.
16    -->
17    <uses-permission android:name="android.permission.INTERNET" />
17-->src\main\AndroidManifest.xml:8:5-67
17-->src\main\AndroidManifest.xml:8:22-64
18    <uses-permission android:name="android.permission.WRITE_EXTERNAL_STORAGE" />
18-->src\main\AndroidManifest.xml:9:5-81
18-->src\main\AndroidManifest.xml:9:22-78
19    <uses-permission android:name="android.permission.READ_EXTERNAL_STORAGE" />
19-->src\main\AndroidManifest.xml:10:5-80
19-->src\main\AndroidManifest.xml:10:22-77
20    <uses-permission android:name="android.permission.VIBRATE" />
20-->src\main\AndroidManifest.xml:11:5-66
20-->src\main\AndroidManifest.xml:11:22-63
21    <uses-permission android:name="android.permission.RECEIVE_BOOT_COMPLETED" />
21-->src\main\AndroidManifest.xml:12:5-80
21-->src\main\AndroidManifest.xml:12:22-78
22    <uses-permission android:name="android.permission.ACCESS_NETWORK_STATE" />
22-->[:connectivity] AndroidManifest.xml:7:5-79
22-->[:connectivity] AndroidManifest.xml:7:22-76
23    <uses-permission android:name="android.permission.ACCESS_WIFI_STATE" />
23-->[:connectivity] AndroidManifest.xml:8:5-76
23-->[:connectivity] AndroidManifest.xml:8:22-73
24
25    <uses-feature
25-->[com.google.android.gms:play-services-maps:17.0.0] AndroidManifest.xml:26:5-28:35
26        android:glEsVersion="0x00020000"
26-->[com.google.android.gms:play-services-maps:17.0.0] AndroidManifest.xml:27:9-41
27        android:required="true" />
27-->[com.google.android.gms:play-services-maps:17.0.0] AndroidManifest.xml:28:9-32
28
29    <uses-permission android:name="android.permission.WAKE_LOCK" /> <!-- Required by older versions of Google Play services to create IID tokens -->
29-->[com.google.android.gms:play-services-measurement-api:17.4.1] AndroidManifest.xml:24:5-68
29-->[com.google.android.gms:play-services-measurement-api:17.4.1] AndroidManifest.xml:24:22-65
30    <uses-permission android:name="com.google.android.c2dm.permission.RECEIVE" />
30-->[com.google.firebase:firebase-iid:20.1.7] AndroidManifest.xml:26:5-82
30-->[com.google.firebase:firebase-iid:20.1.7] AndroidManifest.xml:26:22-79
31    <uses-permission android:name="com.google.android.finsky.permission.BIND_GET_INSTALL_REFERRER_SERVICE" />
31-->[com.google.android.gms:play-services-measurement:17.4.1] AndroidManifest.xml:26:5-110
31-->[com.google.android.gms:play-services-measurement:17.4.1] AndroidManifest.xml:26:22-107
32    <uses-permission android:name="android.permission.CAMERA" />
32-->[io.card:android-sdk:5.5.1] AndroidManifest.xml:9:5-65
32-->[io.card:android-sdk:5.5.1] AndroidManifest.xml:9:22-62
33
34    <uses-feature
34-->[io.card:android-sdk:5.5.1] AndroidManifest.xml:12:5-14:36
35        android:name="android.hardware.camera"
35-->[io.card:android-sdk:5.5.1] AndroidManifest.xml:13:9-47
36        android:required="false" />
36-->[io.card:android-sdk:5.5.1] AndroidManifest.xml:14:9-33
37    <uses-feature
37-->[io.card:android-sdk:5.5.1] AndroidManifest.xml:15:5-17:36
38        android:name="android.hardware.camera.autofocus"
38-->[io.card:android-sdk:5.5.1] AndroidManifest.xml:16:9-57
39        android:required="false" />
39-->[io.card:android-sdk:5.5.1] AndroidManifest.xml:17:9-33
40
41    <uses-permission android:name="com.android.vending.BILLING" />
41-->[com.android.billingclient:billing:2.0.3] AndroidManifest.xml:10:5-67
41-->[com.android.billingclient:billing:2.0.3] AndroidManifest.xml:10:22-64
42    <!--
43 android:name="io.flutter.app.FlutterApplication"
44    android:name="io.flutter.app.FlutterApplication"
45    android:name=".Application"
46    -->
47    <application
47-->src\main\AndroidManifest.xml:16:5-78:19
48        android:name="com.panaceasoft.lehwalk.Application"
48-->src\main\AndroidManifest.xml:17:9-36
49        android:allowBackup="true"
49-->[org.jfrog.cardinalcommerce.gradle:cardinalmobilesdk:2.2.1-2] AndroidManifest.xml:14:9-35
50        android:appComponentFactory="androidx.core.app.CoreComponentFactory"
50-->[androidx.core:core:1.2.0] AndroidManifest.xml:24:18-86
51        android:icon="@mipmap/ic_launcher"
51-->src\main\AndroidManifest.xml:22:9-43
52        android:label="LehWalk"
52-->src\main\AndroidManifest.xml:20:9-32
53        android:requestLegacyExternalStorage="true"
53-->src\main\AndroidManifest.xml:21:9-52
54        android:supportsRtl="true"
54-->[com.braintreepayments.api:drop-in:4.5.0] AndroidManifest.xml:16:9-35
55        android:theme="@style/Theme.AppCompat.Light.NoActionBar"
55-->[:stripe_payment] AndroidManifest.xml:11:18-74
56        android:usesCleartextTraffic="true" >
56-->src\main\AndroidManifest.xml:19:9-44
57        <activity
57-->src\main\AndroidManifest.xml:23:9-45:20
58            android:name="com.panaceasoft.lehwalk.MainActivity"
58-->src\main\AndroidManifest.xml:24:13-41
59            android:configChanges="orientation|keyboardHidden|keyboard|screenSize|smallestScreenSize|locale|layoutDirection|fontScale|screenLayout|density|uiMode"
59-->src\main\AndroidManifest.xml:27:13-163
60            android:hardwareAccelerated="true"
60-->src\main\AndroidManifest.xml:28:13-47
61            android:launchMode="singleTop"
61-->src\main\AndroidManifest.xml:25:13-43
62            android:theme="@style/LaunchTheme"
62-->src\main\AndroidManifest.xml:26:13-47
63            android:windowSoftInputMode="adjustResize" >
63-->src\main\AndroidManifest.xml:29:13-55
64
65            <!--
66                 This keeps the window background of the activity showing
67                 until Flutter renders its first frame. It can be removed if
68                 there is no splash screen (such as the default splash screen
69                 defined in @style/LaunchTheme).
70            -->
71            <meta-data
71-->src\main\AndroidManifest.xml:34:13-36:40
72                android:name="io.flutter.app.android.SplashScreenUntilFirstFrame"
72-->src\main\AndroidManifest.xml:35:17-82
73                android:value="true" />
73-->src\main\AndroidManifest.xml:36:17-37
74
75            <intent-filter>
75-->src\main\AndroidManifest.xml:37:13-40:29
76                <action android:name="android.intent.action.MAIN" />
76-->src\main\AndroidManifest.xml:38:17-68
76-->src\main\AndroidManifest.xml:38:25-66
77
78                <category android:name="android.intent.category.LAUNCHER" />
78-->src\main\AndroidManifest.xml:39:17-76
78-->src\main\AndroidManifest.xml:39:27-74
79            </intent-filter>
80            <intent-filter>
80-->src\main\AndroidManifest.xml:41:13-43:29
81                <action android:name="FLUTTER_NOTIFICATION_CLICK" />
81-->src\main\AndroidManifest.xml:42:17-69
81-->src\main\AndroidManifest.xml:42:25-66
82            </intent-filter>
83        </activity>
84        <activity
84-->src\main\AndroidManifest.xml:46:9-54:20
85            android:name="com.braintreepayments.api.BraintreeBrowserSwitchActivity"
85-->src\main\AndroidManifest.xml:46:19-90
86            android:launchMode="singleTask" >
86-->src\main\AndroidManifest.xml:47:13-44
87            <intent-filter>
87-->src\main\AndroidManifest.xml:48:13-53:29
88                <action android:name="android.intent.action.VIEW" />
88-->src\main\AndroidManifest.xml:49:17-69
88-->src\main\AndroidManifest.xml:49:25-66
89
90                <category android:name="android.intent.category.DEFAULT" />
90-->src\main\AndroidManifest.xml:50:17-76
90-->src\main\AndroidManifest.xml:50:27-73
91                <category android:name="android.intent.category.BROWSABLE" />
91-->src\main\AndroidManifest.xml:51:17-78
91-->src\main\AndroidManifest.xml:51:27-75
92
93                <data android:scheme="com.panaceasoft.lehwalk.braintree" />
93-->src\main\AndroidManifest.xml:52:23-66
94            </intent-filter>
95        </activity>
96
97        <meta-data
97-->src\main\AndroidManifest.xml:55:9-56:46
98            android:name="com.facebook.sdk.ApplicationId"
98-->src\main\AndroidManifest.xml:55:20-65
99            android:value="@string/facebook_app_id" />
99-->src\main\AndroidManifest.xml:56:5-44
100        <!-- TODO: Replace with your real AdMob app ID -->
101        <meta-data
101-->src\main\AndroidManifest.xml:58:5-60:66
102            android:name="com.google.android.gms.ads.APPLICATION_ID"
102-->src\main\AndroidManifest.xml:59:13-69
103            android:value="@string/android__admob_ads_id_key" />
103-->src\main\AndroidManifest.xml:60:13-63
104
105        <activity
105-->src\main\AndroidManifest.xml:61:9-64:40
106            android:name="com.facebook.FacebookActivity"
106-->src\main\AndroidManifest.xml:61:19-63
107            android:configChanges="keyboard|keyboardHidden|screenLayout|screenSize|orientation"
107-->src\main\AndroidManifest.xml:62:5-101
108            android:label="@string/app_name"
108-->src\main\AndroidManifest.xml:64:5-37
109            android:theme="@style/com_facebook_activity_theme" />
109-->[com.facebook.android:facebook-common:5.5.1] AndroidManifest.xml:32:13-63
110        <activity
110-->src\main\AndroidManifest.xml:65:9-74:20
111            android:name="com.facebook.CustomTabActivity"
111-->src\main\AndroidManifest.xml:66:13-58
112            android:exported="true" >
112-->src\main\AndroidManifest.xml:67:13-36
113            <intent-filter>
113-->src\main\AndroidManifest.xml:68:13-73:29
114                <action android:name="android.intent.action.VIEW" />
114-->src\main\AndroidManifest.xml:49:17-69
114-->src\main\AndroidManifest.xml:49:25-66
115
116                <category android:name="android.intent.category.DEFAULT" />
116-->src\main\AndroidManifest.xml:50:17-76
116-->src\main\AndroidManifest.xml:50:27-73
117                <category android:name="android.intent.category.BROWSABLE" />
117-->src\main\AndroidManifest.xml:51:17-78
117-->src\main\AndroidManifest.xml:51:27-75
118
119                <data android:scheme="@string/fb_login_protocol_scheme" />
119-->src\main\AndroidManifest.xml:52:23-66
120            </intent-filter>
121        </activity>
122
123        <meta-data
123-->src\main\AndroidManifest.xml:75:9-77:33
124            android:name="flutterEmbedding"
124-->src\main\AndroidManifest.xml:76:13-44
125            android:value="2" />
125-->src\main\AndroidManifest.xml:77:13-30
126
127        <service
127-->[:firebase_auth] AndroidManifest.xml:8:9-12:19
128            android:name="com.google.firebase.components.ComponentDiscoveryService"
128-->[:firebase_auth] AndroidManifest.xml:8:18-89
129            android:directBootAware="true"
129-->[com.google.firebase:firebase-common:19.3.0] AndroidManifest.xml:34:13-43
130            android:exported="false" >
130-->[com.google.firebase:firebase-messaging:20.1.7] AndroidManifest.xml:37:13-37
131            <meta-data
131-->[:firebase_auth] AndroidManifest.xml:9:13-11:85
132                android:name="com.google.firebase.components:io.flutter.plugins.firebase.auth.FlutterFirebaseAuthRegistrar"
132-->[:firebase_auth] AndroidManifest.xml:10:17-124
133                android:value="com.google.firebase.components.ComponentRegistrar" />
133-->[:firebase_auth] AndroidManifest.xml:11:17-82
134            <meta-data
134-->[:firebase_database] AndroidManifest.xml:9:13-11:85
135                android:name="com.google.firebase.components:io.flutter.plugins.firebase.database.FlutterFirebaseAppRegistrar"
135-->[:firebase_database] AndroidManifest.xml:10:17-127
136                android:value="com.google.firebase.components.ComponentRegistrar" />
136-->[:firebase_database] AndroidManifest.xml:11:17-82
137            <meta-data
137-->[:firebase_messaging] AndroidManifest.xml:14:13-16:85
138                android:name="com.google.firebase.components:io.flutter.plugins.firebasemessaging.FlutterFirebaseAppRegistrar"
138-->[:firebase_messaging] AndroidManifest.xml:15:17-127
139                android:value="com.google.firebase.components.ComponentRegistrar" />
139-->[:firebase_messaging] AndroidManifest.xml:16:17-82
140            <meta-data
140-->[:firebase_core] AndroidManifest.xml:9:13-11:85
141                android:name="com.google.firebase.components:io.flutter.plugins.firebase.core.FlutterFirebaseCoreRegistrar"
141-->[:firebase_core] AndroidManifest.xml:10:17-124
142                android:value="com.google.firebase.components.ComponentRegistrar" />
142-->[:firebase_core] AndroidManifest.xml:11:17-82
143            <meta-data
143-->[com.google.firebase:firebase-messaging:20.1.7] AndroidManifest.xml:38:13-40:85
144                android:name="com.google.firebase.components:com.google.firebase.messaging.FirebaseMessagingRegistrar"
144-->[com.google.firebase:firebase-messaging:20.1.7] AndroidManifest.xml:39:17-119
145                android:value="com.google.firebase.components.ComponentRegistrar" />
145-->[com.google.firebase:firebase-messaging:20.1.7] AndroidManifest.xml:40:17-82
146            <meta-data
146-->[com.google.firebase:firebase-auth:19.3.1] AndroidManifest.xml:36:13-38:85
147                android:name="com.google.firebase.components:com.google.firebase.auth.FirebaseAuthRegistrar"
147-->[com.google.firebase:firebase-auth:19.3.1] AndroidManifest.xml:37:17-109
148                android:value="com.google.firebase.components.ComponentRegistrar" />
148-->[com.google.firebase:firebase-auth:19.3.1] AndroidManifest.xml:38:17-82
149            <meta-data
149-->[com.google.firebase:firebase-database:19.3.0] AndroidManifest.xml:32:13-34:85
150                android:name="com.google.firebase.components:com.google.firebase.database.DatabaseRegistrar"
150-->[com.google.firebase:firebase-database:19.3.0] AndroidManifest.xml:33:17-109
151                android:value="com.google.firebase.components.ComponentRegistrar" />
151-->[com.google.firebase:firebase-database:19.3.0] AndroidManifest.xml:34:17-82
152            <meta-data
152-->[com.google.android.gms:play-services-measurement-api:17.4.1] AndroidManifest.xml:30:13-32:85
153                android:name="com.google.firebase.components:com.google.firebase.analytics.connector.internal.AnalyticsConnectorRegistrar"
153-->[com.google.android.gms:play-services-measurement-api:17.4.1] AndroidManifest.xml:31:17-139
154                android:value="com.google.firebase.components.ComponentRegistrar" />
154-->[com.google.android.gms:play-services-measurement-api:17.4.1] AndroidManifest.xml:32:17-82
155            <meta-data
155-->[com.google.firebase:firebase-iid:20.1.7] AndroidManifest.xml:32:13-34:85
156                android:name="com.google.firebase.components:com.google.firebase.iid.Registrar"
156-->[com.google.firebase:firebase-iid:20.1.7] AndroidManifest.xml:33:17-96
157                android:value="com.google.firebase.components.ComponentRegistrar" />
157-->[com.google.firebase:firebase-iid:20.1.7] AndroidManifest.xml:34:17-82
158            <meta-data
158-->[com.google.firebase:firebase-datatransport:17.0.3] AndroidManifest.xml:28:13-30:85
159                android:name="com.google.firebase.components:com.google.firebase.datatransport.TransportRegistrar"
159-->[com.google.firebase:firebase-datatransport:17.0.3] AndroidManifest.xml:29:17-115
160                android:value="com.google.firebase.components.ComponentRegistrar" />
160-->[com.google.firebase:firebase-datatransport:17.0.3] AndroidManifest.xml:30:17-82
161            <meta-data
161-->[com.google.firebase:firebase-installations:16.3.0] AndroidManifest.xml:17:13-19:85
162                android:name="com.google.firebase.components:com.google.firebase.installations.FirebaseInstallationsRegistrar"
162-->[com.google.firebase:firebase-installations:16.3.0] AndroidManifest.xml:18:17-127
163                android:value="com.google.firebase.components.ComponentRegistrar" />
163-->[com.google.firebase:firebase-installations:16.3.0] AndroidManifest.xml:19:17-82
164        </service>
165        <service android:name="io.flutter.plugins.firebasemessaging.FlutterFirebaseMessagingService" >
165-->[:firebase_messaging] AndroidManifest.xml:8:9-12:19
165-->[:firebase_messaging] AndroidManifest.xml:8:18-101
166            <intent-filter>
166-->[:firebase_messaging] AndroidManifest.xml:9:13-11:29
167                <action android:name="com.google.firebase.MESSAGING_EVENT" />
167-->[:firebase_messaging] AndroidManifest.xml:10:17-78
167-->[:firebase_messaging] AndroidManifest.xml:10:25-75
168            </intent-filter>
169        </service>
170        <!--
171             FirebaseMessagingService performs security checks at runtime,
172             but set to not exported to explicitly avoid allowing another app to call it.
173        -->
174        <service
174-->[com.google.firebase:firebase-messaging:20.1.7] AndroidManifest.xml:28:9-34:19
175            android:name="com.google.firebase.messaging.FirebaseMessagingService"
175-->[com.google.firebase:firebase-messaging:20.1.7] AndroidManifest.xml:29:13-82
176            android:exported="false" >
176-->[com.google.firebase:firebase-messaging:20.1.7] AndroidManifest.xml:30:13-37
177            <intent-filter android:priority="-500" >
177-->[:firebase_messaging] AndroidManifest.xml:9:13-11:29
178                <action android:name="com.google.firebase.MESSAGING_EVENT" />
178-->[:firebase_messaging] AndroidManifest.xml:10:17-78
178-->[:firebase_messaging] AndroidManifest.xml:10:25-75
179            </intent-filter>
180        </service>
181
182        <activity
182-->[:razorpay_flutter] AndroidManifest.xml:8:9-11:20
183            android:name="com.razorpay.CheckoutActivity"
183-->[:razorpay_flutter] AndroidManifest.xml:9:13-57
184            android:configChanges="keyboard|keyboardHidden|orientation|screenSize"
184-->[com.razorpay:checkout:1.5.16] AndroidManifest.xml:20:13-83
185            android:label="Razorpay Checkout"
185-->[:razorpay_flutter] AndroidManifest.xml:10:13-46
186            android:theme="@style/CheckoutTheme" >
186-->[com.razorpay:checkout:1.5.16] AndroidManifest.xml:21:13-49
187            <intent-filter>
187-->[com.razorpay:checkout:1.5.16] AndroidManifest.xml:22:13-28:29
188                <action android:name="android.intent.action.MAIN" />
188-->src\main\AndroidManifest.xml:38:17-68
188-->src\main\AndroidManifest.xml:38:25-66
189
190                <data
191                    android:host="rzp.io"
192                    android:scheme="io.rzp" />
192-->src\main\AndroidManifest.xml:52:23-66
193            </intent-filter>
194        </activity>
195
196        <meta-data
196-->[:stripe_payment] AndroidManifest.xml:12:9-14:36
197            android:name="com.google.android.gms.wallet.api.enabled"
197-->[:stripe_payment] AndroidManifest.xml:13:13-69
198            android:value="true" />
198-->[:stripe_payment] AndroidManifest.xml:14:13-33
199
200        <activity
200-->[:stripe_payment] AndroidManifest.xml:16:9-20:75
201            android:name="com.gettipsi.stripe.OpenBrowserActivity"
201-->[:stripe_payment] AndroidManifest.xml:17:13-67
202            android:exported="false"
202-->[:stripe_payment] AndroidManifest.xml:18:13-37
203            android:launchMode="singleTask"
203-->[:stripe_payment] AndroidManifest.xml:19:13-44
204            android:theme="@android:style/Theme.Translucent.NoTitleBar" />
204-->[:stripe_payment] AndroidManifest.xml:20:13-72
205        <activity
205-->[:stripe_payment] AndroidManifest.xml:21:9-34:20
206            android:name="com.gettipsi.stripe.RedirectUriReceiver"
206-->[:stripe_payment] AndroidManifest.xml:22:13-67
207            android:exported="true"
207-->[:stripe_payment] AndroidManifest.xml:23:13-36
208            android:launchMode="singleTask"
208-->[:stripe_payment] AndroidManifest.xml:24:13-44
209            android:theme="@android:style/Theme.Translucent.NoTitleBar.Fullscreen" >
209-->[:stripe_payment] AndroidManifest.xml:25:13-83
210            <intent-filter>
210-->[:stripe_payment] AndroidManifest.xml:26:13-33:29
211                <action android:name="android.intent.action.VIEW" />
211-->src\main\AndroidManifest.xml:49:17-69
211-->src\main\AndroidManifest.xml:49:25-66
212
213                <category android:name="android.intent.category.DEFAULT" />
213-->src\main\AndroidManifest.xml:50:17-76
213-->src\main\AndroidManifest.xml:50:27-73
214                <category android:name="android.intent.category.BROWSABLE" />
214-->src\main\AndroidManifest.xml:51:17-78
214-->src\main\AndroidManifest.xml:51:27-75
215
216                <data android:scheme="example" />
216-->src\main\AndroidManifest.xml:52:23-66
217            </intent-filter>
218        </activity>
219        <activity
219-->[:flutter_paystack] AndroidManifest.xml:10:9-12:54
220            android:name="co.paystack.flutterpaystack.AuthActivity"
220-->[:flutter_paystack] AndroidManifest.xml:11:13-68
221            android:theme="@style/Paystack.Dialog" />
221-->[:flutter_paystack] AndroidManifest.xml:12:13-51
222
223        <provider
223-->[:esys_flutter_share] AndroidManifest.xml:8:9-16:20
224            android:name="de.esys.esysfluttershare.EsysFlutterShareFileProvider"
224-->[:esys_flutter_share] AndroidManifest.xml:9:13-81
225            android:authorities="com.panaceasoft.lehwalk.fileprovider.github.com/orgs/esysberlin/esys-flutter-share"
225-->[:esys_flutter_share] AndroidManifest.xml:10:13-110
226            android:exported="false"
226-->[:esys_flutter_share] AndroidManifest.xml:11:13-37
227            android:grantUriPermissions="true" >
227-->[:esys_flutter_share] AndroidManifest.xml:12:13-47
228            <meta-data
228-->[:esys_flutter_share] AndroidManifest.xml:13:13-15:72
229                android:name="android.support.FILE_PROVIDER_PATHS"
229-->[:esys_flutter_share] AndroidManifest.xml:14:17-67
230                android:resource="@xml/esys_flutter_share_filepaths" />
230-->[:esys_flutter_share] AndroidManifest.xml:15:17-69
231        </provider>
232
233        <activity
233-->[:url_launcher] AndroidManifest.xml:8:9-11:74
234            android:name="io.flutter.plugins.urllauncher.WebViewActivity"
234-->[:url_launcher] AndroidManifest.xml:9:13-74
235            android:exported="false"
235-->[:url_launcher] AndroidManifest.xml:10:13-37
236            android:theme="@android:style/Theme.NoTitleBar.Fullscreen" />
236-->[:url_launcher] AndroidManifest.xml:11:13-71
237
238        <provider
238-->[:flutter_webview_plugin] AndroidManifest.xml:9:9-18:20
239            android:name="androidx.core.content.FileProvider"
239-->[:flutter_webview_plugin] AndroidManifest.xml:10:13-62
240            android:authorities="com.panaceasoft.lehwalk.fileprovider"
240-->[:flutter_webview_plugin] AndroidManifest.xml:11:13-64
241            android:exported="false"
241-->[:flutter_webview_plugin] AndroidManifest.xml:12:13-37
242            android:grantUriPermissions="true" >
242-->[:flutter_webview_plugin] AndroidManifest.xml:13:13-47
243            <meta-data
243-->[:esys_flutter_share] AndroidManifest.xml:13:13-15:72
244                android:name="android.support.FILE_PROVIDER_PATHS"
244-->[:esys_flutter_share] AndroidManifest.xml:14:17-67
245                android:resource="@xml/filepaths" />
245-->[:esys_flutter_share] AndroidManifest.xml:15:17-69
246        </provider>
247
248        <activity
248-->[com.google.android.gms:play-services-auth:16.0.1] AndroidManifest.xml:23:9-27:75
249            android:name="com.google.android.gms.auth.api.signin.internal.SignInHubActivity"
249-->[com.google.android.gms:play-services-auth:16.0.1] AndroidManifest.xml:24:13-93
250            android:excludeFromRecents="true"
250-->[com.google.android.gms:play-services-auth:16.0.1] AndroidManifest.xml:25:13-46
251            android:exported="false"
251-->[com.google.android.gms:play-services-auth:16.0.1] AndroidManifest.xml:26:13-37
252            android:theme="@android:style/Theme.Translucent.NoTitleBar" />
252-->[com.google.android.gms:play-services-auth:16.0.1] AndroidManifest.xml:27:13-72
253        <!--
254            Service handling Google Sign-In user revocation. For apps that do not integrate with
255            Google Sign-In, this service will never be started.
256        -->
257        <service
257-->[com.google.android.gms:play-services-auth:16.0.1] AndroidManifest.xml:33:9-36:110
258            android:name="com.google.android.gms.auth.api.signin.RevocationBoundService"
258-->[com.google.android.gms:play-services-auth:16.0.1] AndroidManifest.xml:34:13-89
259            android:exported="true"
259-->[com.google.android.gms:play-services-auth:16.0.1] AndroidManifest.xml:35:13-36
260            android:permission="com.google.android.gms.auth.api.signin.permission.REVOCATION_NOTIFICATION" />
260-->[com.google.android.gms:play-services-auth:16.0.1] AndroidManifest.xml:36:13-107
261
262        <activity
262-->[com.google.firebase:firebase-auth:19.3.1] AndroidManifest.xml:24:9-31:50
263            android:name="com.google.firebase.auth.internal.FederatedSignInActivity"
263-->[com.google.firebase:firebase-auth:19.3.1] AndroidManifest.xml:25:13-85
264            android:excludeFromRecents="true"
264-->[com.google.firebase:firebase-auth:19.3.1] AndroidManifest.xml:26:13-46
265            android:exported="true"
265-->[com.google.firebase:firebase-auth:19.3.1] AndroidManifest.xml:27:13-36
266            android:launchMode="singleTask"
266-->[com.google.firebase:firebase-auth:19.3.1] AndroidManifest.xml:28:13-44
267            android:permission="com.google.firebase.auth.api.gms.permission.LAUNCH_FEDERATED_SIGN_IN"
267-->[com.google.firebase:firebase-auth:19.3.1] AndroidManifest.xml:29:13-102
268            android:theme="@android:style/Theme.Translucent.NoTitleBar" /> <!-- Needs to be explicitly declared on P+ -->
268-->[com.google.firebase:firebase-auth:19.3.1] AndroidManifest.xml:30:13-72
269        <uses-library
269-->[com.google.android.gms:play-services-maps:17.0.0] AndroidManifest.xml:33:9-35:40
270            android:name="org.apache.http.legacy"
270-->[com.google.android.gms:play-services-maps:17.0.0] AndroidManifest.xml:34:13-50
271            android:required="false" />
271-->[com.google.android.gms:play-services-maps:17.0.0] AndroidManifest.xml:35:13-37
272
273        <receiver
273-->[com.google.firebase:firebase-iid:20.1.7] AndroidManifest.xml:37:9-44:20
274            android:name="com.google.firebase.iid.FirebaseInstanceIdReceiver"
274-->[com.google.firebase:firebase-iid:20.1.7] AndroidManifest.xml:38:13-78
275            android:exported="true"
275-->[com.google.firebase:firebase-iid:20.1.7] AndroidManifest.xml:39:13-36
276            android:permission="com.google.android.c2dm.permission.SEND" >
276-->[com.google.firebase:firebase-iid:20.1.7] AndroidManifest.xml:40:13-73
277            <intent-filter>
277-->[com.google.firebase:firebase-iid:20.1.7] AndroidManifest.xml:41:13-43:29
278                <action android:name="com.google.android.c2dm.intent.RECEIVE" />
278-->[com.google.firebase:firebase-iid:20.1.7] AndroidManifest.xml:42:17-81
278-->[com.google.firebase:firebase-iid:20.1.7] AndroidManifest.xml:42:25-78
279            </intent-filter>
280        </receiver>
281
282        <activity
282-->[com.google.android.gms:play-services-base:17.1.0] AndroidManifest.xml:23:9-26:75
283            android:name="com.google.android.gms.common.api.GoogleApiActivity"
283-->[com.google.android.gms:play-services-base:17.1.0] AndroidManifest.xml:24:13-79
284            android:exported="false"
284-->[com.google.android.gms:play-services-base:17.1.0] AndroidManifest.xml:25:13-37
285            android:theme="@android:style/Theme.Translucent.NoTitleBar" />
285-->[com.google.android.gms:play-services-base:17.1.0] AndroidManifest.xml:26:13-72
286
287        <provider
287-->[com.google.firebase:firebase-common:19.3.0] AndroidManifest.xml:26:9-30:39
288            android:name="com.google.firebase.provider.FirebaseInitProvider"
288-->[com.google.firebase:firebase-common:19.3.0] AndroidManifest.xml:27:13-77
289            android:authorities="com.panaceasoft.lehwalk.firebaseinitprovider"
289-->[com.google.firebase:firebase-common:19.3.0] AndroidManifest.xml:28:13-72
290            android:exported="false"
290-->[com.google.firebase:firebase-common:19.3.0] AndroidManifest.xml:29:13-37
291            android:initOrder="100" />
291-->[com.google.firebase:firebase-common:19.3.0] AndroidManifest.xml:30:13-36
292
293        <receiver
293-->[com.google.android.gms:play-services-measurement:17.4.1] AndroidManifest.xml:29:9-33:20
294            android:name="com.google.android.gms.measurement.AppMeasurementReceiver"
294-->[com.google.android.gms:play-services-measurement:17.4.1] AndroidManifest.xml:30:13-85
295            android:enabled="true"
295-->[com.google.android.gms:play-services-measurement:17.4.1] AndroidManifest.xml:31:13-35
296            android:exported="false" >
296-->[com.google.android.gms:play-services-measurement:17.4.1] AndroidManifest.xml:32:13-37
297        </receiver>
298
299        <service
299-->[com.google.android.gms:play-services-measurement:17.4.1] AndroidManifest.xml:35:9-38:40
300            android:name="com.google.android.gms.measurement.AppMeasurementService"
300-->[com.google.android.gms:play-services-measurement:17.4.1] AndroidManifest.xml:36:13-84
301            android:enabled="true"
301-->[com.google.android.gms:play-services-measurement:17.4.1] AndroidManifest.xml:37:13-35
302            android:exported="false" />